<?xml version="1.0" encoding="UTF-8"?>
<!-- Generated by org.testng.reporters.JUnitReportReporter -->
<testsuite hostname="DESKTOP-LFC58B3" failures="0" tests="2" name="Academy.HomePage" time="25.585" errors="0" timestamp="2020-01-24T12:59:19 EST" skipped="0">
  <testcase classname="Academy.HomePage" name="basePageNavigation" time="11.056"/>
  <testcase classname="Academy.HomePage" name="basePageNavigation" time="14.529"/>
</testsuite> <!-- Academy.HomePage -->
