<?xml version="1.0" encoding="UTF-8"?>
<!-- Generated by org.testng.reporters.JUnitReportReporter -->
<testsuite hostname="DESKTOP-LFC58B3" failures="0" tests="2" name="Academy.HomePage" time="18.084" errors="0" timestamp="2020-01-23T19:16:25 EST" skipped="0">
  <testcase classname="Academy.HomePage" name="basePageNavigation" time="7.339"/>
  <testcase classname="Academy.HomePage" name="basePageNavigation" time="10.745"/>
</testsuite> <!-- Academy.HomePage -->
